[12:57:18] [ServerMain/INFO]: Environment: Environment[accountsHost=https://api.mojang.com, sessionHost=https://sessionserver.mojang.com, servicesHost=https://api.minecraftservices.com, name=PROD]
[12:57:19] [ServerMain/INFO]: Loaded 7 recipes
[12:57:19] [Server thread/INFO]: Starting minecraft server version 1.20.2
[12:57:19] [Server thread/INFO]: Loading properties
[12:57:19] [Server thread/INFO]: This server is running Paper version git-Paper-260 (MC: 1.20.2) (Implementing API version 1.20.2-R0.1-SNAPSHOT) (Git: 1865625)
[12:57:20] [Server thread/INFO]: Server Ping Player Sample Count: 12
[12:57:20] [Server thread/INFO]: Using 4 threads for Netty based IO
[12:57:20] [Server thread/WARN]: [!] The timings profiler has been enabled but has been scheduled for removal from Paper in the future.
    We recommend installing the spark profiler as a replacement: https://spark.lucko.me/
    For more information please visit: https://github.com/PaperMC/Paper/issues/8948
[12:57:20] [Server thread/INFO]: [ChunkTaskScheduler] Chunk system is using 1 I/O threads, 2 worker threads, and gen parallelism of 2 threads
[12:57:20] [Server thread/INFO]: Default game type: SURVIVAL
[12:57:20] [Server thread/INFO]: Generating keypair
[12:57:20] [Server thread/INFO]: Starting Minecraft server on *:25565
[12:57:20] [Server thread/INFO]: Using epoll channel type
[12:57:20] [Server thread/INFO]: Paper: Using libdeflate (Linux x86_64) compression from Velocity.
[12:57:20] [Server thread/INFO]: Paper: Using OpenSSL 3.0.x (Linux x86_64) cipher from Velocity.
[12:57:21] [Server thread/INFO]: Server permissions file permissions.yml is empty, ignoring it
[12:57:21] [Server thread/INFO]: Preparing level "world"
[12:57:21] [Server thread/INFO]: Preparing start region for dimension minecraft:overworld
[12:57:21] [Server thread/INFO]: Time elapsed: 330 ms
[12:57:21] [Server thread/INFO]: Preparing start region for dimension minecraft:the_nether
[12:57:21] [Server thread/INFO]: Time elapsed: 30 ms
[12:57:21] [Server thread/INFO]: Preparing start region for dimension minecraft:the_end
[12:57:21] [Server thread/INFO]: Time elapsed: 33 ms
[12:57:21] [Server thread/INFO]: Running delayed init tasks
[12:57:21] [Server thread/INFO]: Done (2.297s)! For help, type "help"
[12:57:21] [Server thread/INFO]: Timings Reset
[13:00:32] [User Authenticator #0/INFO]: UUID of player Blob is fa87a47a-bd72-48eb-892e-c39696cb1d57
[13:00:32] [Server thread/INFO]: Blob joined the game
[13:00:32] [Server thread/INFO]: Blob[/10.0.0.6:53172] logged in with entity id 150 at ([world]-28.5, 89.0, -29.5)
[13:00:43] [Server thread/INFO]: Blob lost connection: Disconnected
[13:00:43] [Server thread/INFO]: Blob left the game
[13:02:27] [Server thread/WARN]: Can't keep up! Is the server overloaded? Running 5238ms or 104 ticks behind
[13:03:19] [Server thread/WARN]: Can't keep up! Is the server overloaded? Running 5427ms or 108 ticks behind
[13:04:15] [User Authenticator #1/INFO]: UUID of player Blob is fa87a47a-bd72-48eb-892e-c39696cb1d57
[13:04:15] [Server thread/INFO]: Blob joined the game
[13:04:15] [Server thread/INFO]: Blob[/10.0.0.6:53322] logged in with entity id 335 at ([world]-28.554440687646824, 89.0, -26.115013753790283)
[13:04:22] [Server thread/INFO]: Blob lost connection: Disconnected
[13:04:22] [Server thread/INFO]: Blob left the game
